<?xml version="1.0" encoding="UTF-8"?>
<!-- Generated by org.testng.reporters.JUnitReportReporter -->
<testsuite hostname="PRAMODKUMAR-PC" name="extra.GroupingExecutionReportTest" tests="4" failures="0" timestamp="11 Apr 2017 08:29:49 GMT" time="0.044" errors="0">
  <testcase name="ModifyCustomerTest" time="0.000" classname="extra.GroupingExecutionReportTest"/>
  <testcase name="CreateReportTest" time="0.015" classname="extra.GroupingExecutionReportTest"/>
  <testcase name="ModifyCustomerTest" time="0.000" classname="extra.GroupingExecutionReportTest"/>
  <testcase name="CreateReportTest" time="0.029" classname="extra.GroupingExecutionReportTest"/>
</testsuite> <!-- extra.GroupingExecutionReportTest -->
