<?xml version="1.0" encoding="UTF-8"?>
<!-- Generated by org.testng.reporters.JUnitReportReporter -->
<testsuite hostname="PRAMODKUMAR-PC" name="extra.BeforeMethodAndAfterMethod4" tests="14" failures="0" timestamp="11 Apr 2017 08:29:49 GMT" time="0.048" errors="0">
  <testcase name="PRAmod" time="0.007" classname="extra.BeforeMethodAndAfterMethod4"/>
  <testcase name="createLogoutTest" time="0.007" classname="extra.BeforeMethodAndAfterMethod4"/>
  <testcase name="createusertest" time="0.000" classname="extra.BeforeMethodAndAfterMethod4"/>
  <testcase name="createusertest" time="0.008" classname="extra.BeforeMethodAndAfterMethod4"/>
  <testcase name="ADminTest" time="0.000" classname="extra.BeforeMethodAndAfterMethod4"/>
  <testcase name="createprojecttest" time="0.000" classname="extra.BeforeMethodAndAfterMethod4"/>
  <testcase name="createprojecttest" time="0.002" classname="extra.BeforeMethodAndAfterMethod4"/>
  <testcase name="createLogoutTest" time="0.015" classname="extra.BeforeMethodAndAfterMethod4"/>
  <testcase name="createcustomertest" time="0.000" classname="extra.BeforeMethodAndAfterMethod4"/>
  <testcase name="createcustomertest" time="0.001" classname="extra.BeforeMethodAndAfterMethod4"/>
  <testcase name="createLoginTest" time="0.000" classname="extra.BeforeMethodAndAfterMethod4"/>
  <testcase name="createLoginTest" time="0.003" classname="extra.BeforeMethodAndAfterMethod4"/>
  <testcase name="PRAmod" time="0.000" classname="extra.BeforeMethodAndAfterMethod4"/>
  <testcase name="ADminTest" time="0.005" classname="extra.BeforeMethodAndAfterMethod4"/>
</testsuite> <!-- extra.BeforeMethodAndAfterMethod4 -->
