<?xml version="1.0" encoding="UTF-8"?>
<!-- Generated by org.testng.reporters.JUnitReportReporter -->
<testsuite hostname="PK-PC" name="com.actitime.GenericLib.ScreenShot" tests="1" failures="1" timestamp="2 Aug 2017 10:13:47 GMT" time="46.938" errors="0">
  <testcase name="TakeScreenShot" time="46.938" classname="com.actitime.GenericLib.ScreenShot">
    <failure type="org.openqa.selenium.WebDriverException" message="Failed to connect to binary FirefoxBinary(C:\Program Files\Mozilla Firefox\firefox.exe) on port 7055; process output follows: 
\webcompat@mozilla.org.xpi
1501668782471	addons.xpi	DEBUG	Calling bootstrap method startup on webcompat@mozilla.org version 1.1
1501668782479	addons.manager	DEBUG	Registering shutdown blocker for XPIProvider
1501668782479	addons.manager	DEBUG	Provider finished startup: XPIProvider
1501668782480	addons.manager	DEBUG	Starting provider: LightweightThemeManager
1501668782480	addons.manager	DEBUG	Registering shutdown blocker for LightweightThemeManager
1501668782480	addons.manager	DEBUG	Provider finished startup: LightweightThemeManager
1501668782480	addons.manager	DEBUG	Starting provider: GMPProvider
1501668782484	addons.manager	DEBUG	Registering shutdown blocker for GMPProvider
1501668782485	addons.manager	DEBUG	Provider finished startup: GMPProvider
1501668782485	addons.manager	DEBUG	Starting provider: PluginProvider
1501668782485	addons.manager	DEBUG	Registering shutdown blocker for PluginProvider
1501668782485	addons.manager	DEBUG	Provider finished startup: PluginProvider
1501668782486	addons.manager	DEBUG	Completed startup sequence
[GFX1]: Potential driver version mismatch ignored due to missing DLLs igd10umd64 v= and igd10iumd64 v=
1501668784207	addons.manager	DEBUG	Starting provider: &lt;unnamed-provider&gt;
1501668784207	addons.manager	DEBUG	Registering shutdown blocker for &lt;unnamed-provider&gt;
1501668784207	addons.manager	DEBUG	Provider finished startup: &lt;unnamed-provider&gt;
1501668784210	DeferredSave.extensions.json	DEBUG	Starting write
1501668784455	addons.repository	DEBUG	No addons.json found.
1501668784455	DeferredSave.addons.json	DEBUG	Save changes
1501668784460	DeferredSave.addons.json	DEBUG	Starting timer
1501668784483	addons.manager	DEBUG	Starting provider: PreviousExperimentProvider
1501668784483	addons.manager	DEBUG	Registering shutdown blocker for PreviousExperimentProvider
1501668784483	addons.manager	DEBUG	Provider finished startup: PreviousExperimentProvider
1501668784487	DeferredSave.extensions.json	DEBUG	Write succeeded
1501668784487	addons.xpi-utils	DEBUG	XPI Database saved, setting schema version preference to 19
1501668784521	DeferredSave.addons.json	DEBUG	Starting write
1501668784533	DeferredSave.addons.json	DEBUG	Write succeeded
Crash Annotation GraphicsCriticalError: |[C0][GFX1]: Potential driver version mismatch ignored due to missing DLLs igd10umd64 v= and igd10iumd64 v= (t=1.06323) [GFX1]: Potential driver version mismatch ignored due to missing DLLs igd10umd64 v= and igd10iumd64 v=
1501668792115	addons.xpi	DEBUG	Calling bootstrap method shutdown on webcompat@mozilla.org version 1.1
1501668792115	addons.xpi	DEBUG	Calling bootstrap method shutdown on screenshots@mozilla.org version 6.6.0
1501668792116	addons.xpi	DEBUG	Calling bootstrap method shutdown on firefox@getpocket.com version 1.0.5
1501668792116	addons.xpi	DEBUG	Calling bootstrap method shutdown on e10srollout@mozilla.org version 1.50
1501668792116	addons.xpi	DEBUG	Calling bootstrap method shutdown on aushelper@mozilla.org version 2.0
[Child 3212] WARNING: pipe error: 109: file c:/builds/moz2_slave/m-rel-w64-00000000000000000000/build/src/ipc/chromium/src/chrome/common/ipc_channel_win.cc, line 346
[Child 3212] WARNING: pipe error: 109: file c:/builds/moz2_slave/m-rel-w64-00000000000000000000/build/src/ipc/chromium/src/chrome/common/ipc_channel_win.cc, line 346
1501668792299	addons.manager	DEBUG	shutdown
1501668792299	addons.manager	DEBUG	Calling shutdown blocker for XPIProvider
1501668792299	addons.xpi	DEBUG	shutdown
1501668792299	addons.xpi-utils	DEBUG	shutdown
1501668792300	addons.manager	DEBUG	Calling shutdown blocker for LightweightThemeManager
1501668792301	addons.manager	DEBUG	Calling shutdown blocker for GMPProvider
1501668792302	addons.manager	DEBUG	Calling shutdown blocker for PluginProvider
1501668792303	addons.manager	DEBUG	Calling shutdown blocker for &lt;unnamed-provider&gt;
1501668792304	addons.manager	DEBUG	Calling shutdown blocker for PreviousExperimentProvider
1501668792308	addons.xpi	DEBUG	Notifying XPI shutdown observers
1501668792311	addons.manager	DEBUG	Async provider shutdown done

Build info: version: &#039;2.47.1&#039;, revision: &#039;411b314&#039;, time: &#039;2015-07-30 02:56:46&#039;
System info: host: &#039;PK-PC&#039;, ip: &#039;192.168.1.4&#039;, os.name: &#039;Windows 7&#039;, os.arch: &#039;amd64&#039;, os.version: &#039;6.1&#039;, java.version: &#039;1.8.0_112&#039;
Driver info: driver.version: Driver">
      <![CDATA[org.openqa.selenium.WebDriverException: Failed to connect to binary FirefoxBinary(C:\Program Files\Mozilla Firefox\firefox.exe) on port 7055; process output follows: 
\webcompat@mozilla.org.xpi
1501668782471	addons.xpi	DEBUG	Calling bootstrap method startup on webcompat@mozilla.org version 1.1
1501668782479	addons.manager	DEBUG	Registering shutdown blocker for XPIProvider
1501668782479	addons.manager	DEBUG	Provider finished startup: XPIProvider
1501668782480	addons.manager	DEBUG	Starting provider: LightweightThemeManager
1501668782480	addons.manager	DEBUG	Registering shutdown blocker for LightweightThemeManager
1501668782480	addons.manager	DEBUG	Provider finished startup: LightweightThemeManager
1501668782480	addons.manager	DEBUG	Starting provider: GMPProvider
1501668782484	addons.manager	DEBUG	Registering shutdown blocker for GMPProvider
1501668782485	addons.manager	DEBUG	Provider finished startup: GMPProvider
1501668782485	addons.manager	DEBUG	Starting provider: PluginProvider
1501668782485	addons.manager	DEBUG	Registering shutdown blocker for PluginProvider
1501668782485	addons.manager	DEBUG	Provider finished startup: PluginProvider
1501668782486	addons.manager	DEBUG	Completed startup sequence
[GFX1]: Potential driver version mismatch ignored due to missing DLLs igd10umd64 v= and igd10iumd64 v=
1501668784207	addons.manager	DEBUG	Starting provider: <unnamed-provider>
1501668784207	addons.manager	DEBUG	Registering shutdown blocker for <unnamed-provider>
1501668784207	addons.manager	DEBUG	Provider finished startup: <unnamed-provider>
1501668784210	DeferredSave.extensions.json	DEBUG	Starting write
1501668784455	addons.repository	DEBUG	No addons.json found.
1501668784455	DeferredSave.addons.json	DEBUG	Save changes
1501668784460	DeferredSave.addons.json	DEBUG	Starting timer
1501668784483	addons.manager	DEBUG	Starting provider: PreviousExperimentProvider
1501668784483	addons.manager	DEBUG	Registering shutdown blocker for PreviousExperimentProvider
1501668784483	addons.manager	DEBUG	Provider finished startup: PreviousExperimentProvider
1501668784487	DeferredSave.extensions.json	DEBUG	Write succeeded
1501668784487	addons.xpi-utils	DEBUG	XPI Database saved, setting schema version preference to 19
1501668784521	DeferredSave.addons.json	DEBUG	Starting write
1501668784533	DeferredSave.addons.json	DEBUG	Write succeeded
Crash Annotation GraphicsCriticalError: |[C0][GFX1]: Potential driver version mismatch ignored due to missing DLLs igd10umd64 v= and igd10iumd64 v= (t=1.06323) [GFX1]: Potential driver version mismatch ignored due to missing DLLs igd10umd64 v= and igd10iumd64 v=
1501668792115	addons.xpi	DEBUG	Calling bootstrap method shutdown on webcompat@mozilla.org version 1.1
1501668792115	addons.xpi	DEBUG	Calling bootstrap method shutdown on screenshots@mozilla.org version 6.6.0
1501668792116	addons.xpi	DEBUG	Calling bootstrap method shutdown on firefox@getpocket.com version 1.0.5
1501668792116	addons.xpi	DEBUG	Calling bootstrap method shutdown on e10srollout@mozilla.org version 1.50
1501668792116	addons.xpi	DEBUG	Calling bootstrap method shutdown on aushelper@mozilla.org version 2.0
[Child 3212] WARNING: pipe error: 109: file c:/builds/moz2_slave/m-rel-w64-00000000000000000000/build/src/ipc/chromium/src/chrome/common/ipc_channel_win.cc, line 346
[Child 3212] WARNING: pipe error: 109: file c:/builds/moz2_slave/m-rel-w64-00000000000000000000/build/src/ipc/chromium/src/chrome/common/ipc_channel_win.cc, line 346
1501668792299	addons.manager	DEBUG	shutdown
1501668792299	addons.manager	DEBUG	Calling shutdown blocker for XPIProvider
1501668792299	addons.xpi	DEBUG	shutdown
1501668792299	addons.xpi-utils	DEBUG	shutdown
1501668792300	addons.manager	DEBUG	Calling shutdown blocker for LightweightThemeManager
1501668792301	addons.manager	DEBUG	Calling shutdown blocker for GMPProvider
1501668792302	addons.manager	DEBUG	Calling shutdown blocker for PluginProvider
1501668792303	addons.manager	DEBUG	Calling shutdown blocker for <unnamed-provider>
1501668792304	addons.manager	DEBUG	Calling shutdown blocker for PreviousExperimentProvider
1501668792308	addons.xpi	DEBUG	Notifying XPI shutdown observers
1501668792311	addons.manager	DEBUG	Async provider shutdown done

Build info: version: '2.47.1', revision: '411b314', time: '2015-07-30 02:56:46'
System info: host: 'PK-PC', ip: '192.168.1.4', os.name: 'Windows 7', os.arch: 'amd64', os.version: '6.1', java.version: '1.8.0_112'
Driver info: driver.version: Driver
	at org.openqa.selenium.firefox.internal.NewProfileExtensionConnection.start(NewProfileExtensionConnection.java:134)
	at org.openqa.selenium.firefox.FirefoxDriver.startClient(FirefoxDriver.java:276)
	at org.openqa.selenium.remote.RemoteWebDriver.<init>(RemoteWebDriver.java:116)
	at org.openqa.selenium.firefox.FirefoxDriver.<init>(FirefoxDriver.java:223)
	at org.openqa.selenium.firefox.FirefoxDriver.<init>(FirefoxDriver.java:216)
	at org.openqa.selenium.firefox.FirefoxDriver.<init>(FirefoxDriver.java:212)
	at org.openqa.selenium.firefox.FirefoxDriver.<init>(FirefoxDriver.java:125)
	at com.actitime.GenericLib.Driver.getBrowser(Driver.java:23)
	at com.actitime.GenericLib.ScreenShot.TakeScreenShot(ScreenShot.java:17)
	at sun.reflect.NativeMethodAccessorImpl.invoke0(Native Method)
	at sun.reflect.NativeMethodAccessorImpl.invoke(NativeMethodAccessorImpl.java:62)
	at sun.reflect.DelegatingMethodAccessorImpl.invoke(DelegatingMethodAccessorImpl.java:43)
	at java.lang.reflect.Method.invoke(Method.java:498)
	at org.testng.internal.MethodInvocationHelper.invokeMethod(MethodInvocationHelper.java:84)
	at org.testng.internal.Invoker.invokeMethod(Invoker.java:714)
	at org.testng.internal.Invoker.invokeTestMethod(Invoker.java:901)
	at org.testng.internal.Invoker.invokeTestMethods(Invoker.java:1231)
	at org.testng.internal.TestMethodWorker.invokeTestMethods(TestMethodWorker.java:127)
	at org.testng.internal.TestMethodWorker.run(TestMethodWorker.java:111)
	at org.testng.TestRunner.privateRun(TestRunner.java:767)
	at org.testng.TestRunner.run(TestRunner.java:617)
	at org.testng.SuiteRunner.runTest(SuiteRunner.java:334)
	at org.testng.SuiteRunner.runSequentially(SuiteRunner.java:329)
	at org.testng.SuiteRunner.privateRun(SuiteRunner.java:291)
	at org.testng.SuiteRunner.run(SuiteRunner.java:240)
	at org.testng.SuiteRunnerWorker.runSuite(SuiteRunnerWorker.java:52)
	at org.testng.SuiteRunnerWorker.run(SuiteRunnerWorker.java:86)
	at org.testng.TestNG.runSuitesSequentially(TestNG.java:1224)
	at org.testng.TestNG.runSuitesLocally(TestNG.java:1149)
	at org.testng.TestNG.run(TestNG.java:1057)
	at org.testng.remote.AbstractRemoteTestNG.run(AbstractRemoteTestNG.java:132)
	at org.testng.remote.RemoteTestNG.initAndRun(RemoteTestNG.java:230)
	at org.testng.remote.RemoteTestNG.main(RemoteTestNG.java:76)
Caused by: org.openqa.selenium.firefox.NotConnectedException: Unable to connect to host 127.0.0.1 on port 7055 after 45000 ms. Firefox console output:
\webcompat@mozilla.org.xpi
1501668782471	addons.xpi	DEBUG	Calling bootstrap method startup on webcompat@mozilla.org version 1.1
1501668782479	addons.manager	DEBUG	Registering shutdown blocker for XPIProvider
1501668782479	addons.manager	DEBUG	Provider finished startup: XPIProvider
1501668782480	addons.manager	DEBUG	Starting provider: LightweightThemeManager
1501668782480	addons.manager	DEBUG	Registering shutdown blocker for LightweightThemeManager
1501668782480	addons.manager	DEBUG	Provider finished startup: LightweightThemeManager
1501668782480	addons.manager	DEBUG	Starting provider: GMPProvider
1501668782484	addons.manager	DEBUG	Registering shutdown blocker for GMPProvider
1501668782485	addons.manager	DEBUG	Provider finished startup: GMPProvider
1501668782485	addons.manager	DEBUG	Starting provider: PluginProvider
1501668782485	addons.manager	DEBUG	Registering shutdown blocker for PluginProvider
1501668782485	addons.manager	DEBUG	Provider finished startup: PluginProvider
1501668782486	addons.manager	DEBUG	Completed startup sequence
[GFX1]: Potential driver version mismatch ignored due to missing DLLs igd10umd64 v= and igd10iumd64 v=
1501668784207	addons.manager	DEBUG	Starting provider: <unnamed-provider>
1501668784207	addons.manager	DEBUG	Registering shutdown blocker for <unnamed-provider>
1501668784207	addons.manager	DEBUG	Provider finished startup: <unnamed-provider>
1501668784210	DeferredSave.extensions.json	DEBUG	Starting write
1501668784455	addons.repository	DEBUG	No addons.json found.
1501668784455	DeferredSave.addons.json	DEBUG	Save changes
1501668784460	DeferredSave.addons.json	DEBUG	Starting timer
1501668784483	addons.manager	DEBUG	Starting provider: PreviousExperimentProvider
1501668784483	addons.manager	DEBUG	Registering shutdown blocker for PreviousExperimentProvider
1501668784483	addons.manager	DEBUG	Provider finished startup: PreviousExperimentProvider
1501668784487	DeferredSave.extensions.json	DEBUG	Write succeeded
1501668784487	addons.xpi-utils	DEBUG	XPI Database saved, setting schema version preference to 19
1501668784521	DeferredSave.addons.json	DEBUG	Starting write
1501668784533	DeferredSave.addons.json	DEBUG	Write succeeded
Crash Annotation GraphicsCriticalError: |[C0][GFX1]: Potential driver version mismatch ignored due to missing DLLs igd10umd64 v= and igd10iumd64 v= (t=1.06323) [GFX1]: Potential driver version mismatch ignored due to missing DLLs igd10umd64 v= and igd10iumd64 v=
1501668792115	addons.xpi	DEBUG	Calling bootstrap method shutdown on webcompat@mozilla.org version 1.1
1501668792115	addons.xpi	DEBUG	Calling bootstrap method shutdown on screenshots@mozilla.org version 6.6.0
1501668792116	addons.xpi	DEBUG	Calling bootstrap method shutdown on firefox@getpocket.com version 1.0.5
1501668792116	addons.xpi	DEBUG	Calling bootstrap method shutdown on e10srollout@mozilla.org version 1.50
1501668792116	addons.xpi	DEBUG	Calling bootstrap method shutdown on aushelper@mozilla.org version 2.0
[Child 3212] WARNING: pipe error: 109: file c:/builds/moz2_slave/m-rel-w64-00000000000000000000/build/src/ipc/chromium/src/chrome/common/ipc_channel_win.cc, line 346
[Child 3212] WARNING: pipe error: 109: file c:/builds/moz2_slave/m-rel-w64-00000000000000000000/build/src/ipc/chromium/src/chrome/common/ipc_channel_win.cc, line 346
1501668792299	addons.manager	DEBUG	shutdown
1501668792299	addons.manager	DEBUG	Calling shutdown blocker for XPIProvider
1501668792299	addons.xpi	DEBUG	shutdown
1501668792299	addons.xpi-utils	DEBUG	shutdown
1501668792300	addons.manager	DEBUG	Calling shutdown blocker for LightweightThemeManager
1501668792301	addons.manager	DEBUG	Calling shutdown blocker for GMPProvider
1501668792302	addons.manager	DEBUG	Calling shutdown blocker for PluginProvider
1501668792303	addons.manager	DEBUG	Calling shutdown blocker for <unnamed-provider>
1501668792304	addons.manager	DEBUG	Calling shutdown blocker for PreviousExperimentProvider
1501668792308	addons.xpi	DEBUG	Notifying XPI shutdown observers
1501668792311	addons.manager	DEBUG	Async provider shutdown done

	at org.openqa.selenium.firefox.internal.NewProfileExtensionConnection.start(NewProfileExtensionConnection.java:122)
	... 32 more
]]>
    </failure>
  </testcase> <!-- TakeScreenShot -->
</testsuite> <!-- com.actitime.GenericLib.ScreenShot -->
