<?xml version="1.0" encoding="UTF-8"?>
<!-- Generated by org.testng.reporters.JUnitReportReporter -->
<testsuite hostname="Anshuman" failures="0" tests="1" name="com.actitime.ProjectAndCustomerTest.ProjectAndCustomerTest6Old" time="87.474" errors="0" timestamp="24 Mar 2018 06:37:53 GMT">
  <testcase classname="com.actitime.ProjectAndCustomerTest.ProjectAndCustomerTest6Old" name="CreateCustomerTest" time="87.474"/>
</testsuite> <!-- com.actitime.ProjectAndCustomerTest.ProjectAndCustomerTest6Old -->
