<?xml version="1.0" encoding="UTF-8"?>
<!-- Generated by org.testng.reporters.JUnitReportReporter -->
<testsuite hostname="PRAMODKUMAR-PC" name="facebookAppTestCase.Createfacebookid" tests="3" failures="0" timestamp="11 Apr 2017 08:29:49 GMT" time="182.416" errors="0">
  <testcase name="createFacebookId" time="52.312" classname="facebookAppTestCase.Createfacebookid"/>
  <testcase name="createFacebookId" time="66.275" classname="facebookAppTestCase.Createfacebookid"/>
  <testcase name="createFacebookId" time="63.829" classname="facebookAppTestCase.Createfacebookid"/>
</testsuite> <!-- facebookAppTestCase.Createfacebookid -->
