<?xml version="1.0" encoding="UTF-8"?>
<!-- Generated by org.testng.reporters.JUnitReportReporter -->
<testsuite hostname="PRAMODKUMAR-PC" name="extra.DemoTest" tests="8" failures="0" timestamp="11 Apr 2017 08:29:49 GMT" time="0.015" errors="0">
  <testcase name="f1" time="0.000" classname="extra.DemoTest"/>
  <testcase name="f3" time="0.005" classname="extra.DemoTest"/>
  <testcase name="f1" time="0.001" classname="extra.DemoTest"/>
  <testcase name="f4" time="0.007" classname="extra.DemoTest"/>
  <testcase name="f4" time="0.000" classname="extra.DemoTest"/>
  <testcase name="f2" time="0.000" classname="extra.DemoTest"/>
  <testcase name="f3" time="0.000" classname="extra.DemoTest"/>
  <testcase name="f2" time="0.002" classname="extra.DemoTest"/>
</testsuite> <!-- extra.DemoTest -->
